0 info it worked if it ends with ok
1 verbose cli [ '/Users/j/.nvm/versions/node/v6.11.1/bin/node',
1 verbose cli   '/Users/j/.nvm/versions/node/v6.11.1/bin/npm',
1 verbose cli   'run',
1 verbose cli   'deploy' ]
2 info using npm@3.10.10
3 info using node@v6.11.1
4 verbose run-script [ 'predeploy', 'deploy', 'postdeploy' ]
5 info lifecycle functions@~predeploy: functions@
6 silly lifecycle functions@~predeploy: no script for predeploy, continuing
7 info lifecycle functions@~deploy: functions@
8 verbose lifecycle functions@~deploy: unsafe-perm in lifecycle true
9 verbose lifecycle functions@~deploy: PATH: /Users/j/.nvm/versions/node/v6.11.1/lib/node_modules/npm/bin/node-gyp-bin:/Users/j/Desktop/Reach-Cloud/functions/node_modules/.bin:/Users/j/Downloads/google-cloud-sdk/bin:/Users/j/anaconda/bin:/Users/j/.nvm/versions/node/v6.11.1/bin:/opt/local/bin:/opt/local/sbin:/Library/Frameworks/Python.framework/Versions/3.6/bin:/usr/local/bin:/usr/bin:/bin:/usr/sbin:/sbin
10 verbose lifecycle functions@~deploy: CWD: /Users/j/Desktop/Reach-Cloud/functions
11 silly lifecycle functions@~deploy: Args: [ '-c', 'firebase deploy --only functions' ]
12 silly lifecycle functions@~deploy: Returned: code: 1  signal: null
13 info lifecycle functions@~deploy: Failed to exec deploy script
14 verbose stack Error: functions@ deploy: `firebase deploy --only functions`
14 verbose stack Exit status 1
14 verbose stack     at EventEmitter.<anonymous> (/Users/j/.nvm/versions/node/v6.11.1/lib/node_modules/npm/lib/utils/lifecycle.js:255:16)
14 verbose stack     at emitTwo (events.js:106:13)
14 verbose stack     at EventEmitter.emit (events.js:191:7)
14 verbose stack     at ChildProcess.<anonymous> (/Users/j/.nvm/versions/node/v6.11.1/lib/node_modules/npm/lib/utils/spawn.js:40:14)
14 verbose stack     at emitTwo (events.js:106:13)
14 verbose stack     at ChildProcess.emit (events.js:191:7)
14 verbose stack     at maybeClose (internal/child_process.js:891:16)
14 verbose stack     at Process.ChildProcess._handle.onexit (internal/child_process.js:226:5)
15 verbose pkgid functions@
16 verbose cwd /Users/j/Desktop/Reach-Cloud/functions
17 error Darwin 18.2.0
18 error argv "/Users/j/.nvm/versions/node/v6.11.1/bin/node" "/Users/j/.nvm/versions/node/v6.11.1/bin/npm" "run" "deploy"
19 error node v6.11.1
20 error npm  v3.10.10
21 error code ELIFECYCLE
22 error functions@ deploy: `firebase deploy --only functions`
22 error Exit status 1
23 error Failed at the functions@ deploy script 'firebase deploy --only functions'.
23 error Make sure you have the latest version of node.js and npm installed.
23 error If you do, this is most likely a problem with the functions package,
23 error not with npm itself.
23 error Tell the author that this fails on your system:
23 error     firebase deploy --only functions
23 error You can get information on how to open an issue for this project with:
23 error     npm bugs functions
23 error Or if that isn't available, you can get their info via:
23 error     npm owner ls functions
23 error There is likely additional logging output above.
24 verbose exit [ 1, true ]
